<?xml version="1.0" encoding="UTF-8"?>
<!-- Generated by org.testng.reporters.JUnitReportReporter -->
<testsuite hostname="LAPTOP-5K0L5HJ5" failures="0" tests="1" name="maintest.AllTest" time="34.024" errors="0" timestamp="2025-09-08T12:26:16 IST" skipped="0">
  <testcase classname="maintest.AllTest" name="endToendtest" time="34.024"/>
</testsuite> <!-- maintest.AllTest -->
